"D:/Projects/LibreFPV/Content/CheckpointSound.uasset" 0
"D:/Projects/LibreFPV/Content/CheckpointSound.uexp" 1
"../../../Engine/Content/EngineMaterials/DefaultDiffuse.uasset" 2
"../../../Engine/Content/EngineMaterials/DefaultDiffuse.uexp" 3
"../../../Engine/Content/EngineMaterials/DefaultDiffuse.ubulk" 4
"../../../Engine/Content/EngineMaterials/checkerboard.uasset" 5
"../../../Engine/Content/EngineMaterials/checkerboard.uexp" 6
"../../../Engine/Content/EngineMaterials/checkerboard.ubulk" 7
"../../../Engine/Content/Functions/Engine_MaterialFunctions01/Gradient/LinearGradient.uasset" 8
"../../../Engine/Content/Functions/Engine_MaterialFunctions01/Gradient/LinearGradient.uexp" 9
"../../../Engine/Content/Functions/Engine_MaterialFunctions01/ImageAdjustment/CheapContrast.uasset" 10
"../../../Engine/Content/Functions/Engine_MaterialFunctions01/ImageAdjustment/CheapContrast.uexp" 11
"../../../Engine/Content/Functions/Engine_MaterialFunctions01/Texturing/WorldAlignedTexture.uasset" 12
"../../../Engine/Content/Functions/Engine_MaterialFunctions01/Texturing/WorldAlignedTexture.uexp" 13
"../../../Engine/Content/Functions/Engine_MaterialFunctions02/Utility/BreakOutFloat3Components.uasset" 14
"../../../Engine/Content/Functions/Engine_MaterialFunctions02/Utility/BreakOutFloat3Components.uexp" 15
"../../../Engine/Content/EngineMaterials/WorldGridMaterial.uasset" 16
"../../../Engine/Content/EngineMaterials/WorldGridMaterial.uexp" 17
"D:/Projects/LibreFPV/Content/Gate5x5.uasset" 18
"D:/Projects/LibreFPV/Content/Gate5x5.uexp" 19
"D:/Projects/LibreFPV/Content/Developers/crunchy/ControllerrConfigEntry.uasset" 20
"D:/Projects/LibreFPV/Content/Developers/crunchy/ControllerrConfigEntry.uexp" 21
"../../../Engine/Content/EditorBlueprintResources/StandardMacros.uasset" 22
"../../../Engine/Content/EditorBlueprintResources/StandardMacros.uexp" 23
"D:/Projects/LibreFPV/Content/Developers/crunchy/ControllerConfig.uasset" 24
"D:/Projects/LibreFPV/Content/Developers/crunchy/ControllerConfig.uexp" 25
"../../../Engine/Content/EngineMeshes/Sphere.uasset" 26
"../../../Engine/Content/EngineMeshes/Sphere.uexp" 27
"D:/Projects/LibreFPV/Content/QuadcopterBP.uasset" 28
"D:/Projects/LibreFPV/Content/QuadcopterBP.uexp" 29
"D:/Projects/LibreFPV/Content/LibreFPVGameModeBaseBP.uasset" 30
"D:/Projects/LibreFPV/Content/LibreFPVGameModeBaseBP.uexp" 31
"../../../Engine/Content/Functions/Engine_MaterialFunctions02/Utility/VectorLength.uasset" 32
"../../../Engine/Content/Functions/Engine_MaterialFunctions02/Utility/VectorLength.uexp" 33
"../../../Engine/Content/Functions/Engine_MaterialFunctions02/WorldPositionOffset/ObjectScale.uasset" 34
"../../../Engine/Content/Functions/Engine_MaterialFunctions02/WorldPositionOffset/ObjectScale.uexp" 35
"../../../Engine/Content/Functions/Engine_MaterialFunctions02/WorldPositionOffset/ComponentPivotLocation.uasset" 36
"../../../Engine/Content/Functions/Engine_MaterialFunctions02/WorldPositionOffset/ComponentPivotLocation.uexp" 37
"../../../Engine/Content/Functions/Engine_MaterialFunctions02/Utility/CameraVectorWithWPOOptions.uasset" 38
"../../../Engine/Content/Functions/Engine_MaterialFunctions02/Utility/CameraVectorWithWPOOptions.uexp" 39
"../../../Engine/Content/Functions/Engine_MaterialFunctions02/Math/Transform3x3Matrix.uasset" 40
"../../../Engine/Content/Functions/Engine_MaterialFunctions02/Math/Transform3x3Matrix.uexp" 41
"../../../Engine/Content/Functions/Engine_MaterialFunctions02/Math/MakeVectorsOrthogonal.uasset" 42
"../../../Engine/Content/Functions/Engine_MaterialFunctions02/Math/MakeVectorsOrthogonal.uexp" 43
"../../../Engine/Content/Functions/Engine_MaterialFunctions02/Math/InverseTransformMatrix.uasset" 44
"../../../Engine/Content/Functions/Engine_MaterialFunctions02/Math/InverseTransformMatrix.uexp" 45
"../../../Engine/Content/Functions/Engine_MaterialFunctions02/WorldPositionOffset/AlignMeshToTheCamera.uasset" 46
"../../../Engine/Content/Functions/Engine_MaterialFunctions02/WorldPositionOffset/AlignMeshToTheCamera.uexp" 47
"../../../Engine/Content/EngineFonts/RobotoDistanceField.uasset" 48
"../../../Engine/Content/EngineFonts/RobotoDistanceField.uexp" 49
"D:/Projects/LibreFPV/Content/DefaultTextMaterialOpaque1.uasset" 50
"D:/Projects/LibreFPV/Content/DefaultTextMaterialOpaque1.uexp" 51
"D:/Projects/LibreFPV/Content/Gate7x6.uasset" 52
"D:/Projects/LibreFPV/Content/Gate7x6.uexp" 53
"D:/Projects/LibreFPV/Content/Checkpoint.uasset" 54
"D:/Projects/LibreFPV/Content/Checkpoint.uexp" 55
"D:/Projects/LibreFPV/Content/Developers/crunchy/SettingsEntry.uasset" 56
"D:/Projects/LibreFPV/Content/Developers/crunchy/SettingsEntry.uexp" 57
"D:/Projects/LibreFPV/Content/Developers/crunchy/Settings.uasset" 58
"D:/Projects/LibreFPV/Content/Developers/crunchy/Settings.uexp" 59
"D:/Projects/LibreFPV/Content/WorldGridMaterial.uasset" 60
"D:/Projects/LibreFPV/Content/WorldGridMaterial.uexp" 61
"../../../Engine/Content/ArtTools/RenderToTexture/Meshes/S_1_Unit_Plane.uasset" 62
"../../../Engine/Content/ArtTools/RenderToTexture/Meshes/S_1_Unit_Plane.uexp" 63
"../../../Engine/Content/EngineMaterials/T_Default_Material_Grid_N.uasset" 64
"../../../Engine/Content/EngineMaterials/T_Default_Material_Grid_N.uexp" 65
"../../../Engine/Content/EngineMaterials/T_Default_Material_Grid_N.ubulk" 66
"../../../Engine/Content/EngineMaterials/T_Default_Material_Grid_M.uasset" 67
"../../../Engine/Content/EngineMaterials/T_Default_Material_Grid_M.uexp" 68
"../../../Engine/Content/EngineMaterials/T_Default_Material_Grid_M.ubulk" 69
"../../../Engine/Content/Functions/Engine_MaterialFunctions01/Opacity/CameraDepthFade.uasset" 70
"../../../Engine/Content/Functions/Engine_MaterialFunctions01/Opacity/CameraDepthFade.uexp" 71
"../../../Engine/Content/EngineMaterials/DefaultMaterial.uasset" 72
"../../../Engine/Content/EngineMaterials/DefaultMaterial.uexp" 73
"../../../Engine/Content/BasicShapes/Cone.uasset" 74
"../../../Engine/Content/BasicShapes/Cone.uexp" 75
"../../../Engine/Content/BasicShapes/Cube.uasset" 76
"../../../Engine/Content/BasicShapes/Cube.uexp" 77
"../../../Engine/Content/BasicShapes/Cylinder.uasset" 78
"../../../Engine/Content/BasicShapes/Cylinder.uexp" 79
"../../../Engine/Content/BasicShapes/Plane.uasset" 80
"../../../Engine/Content/BasicShapes/Plane.uexp" 81
"../../../Engine/Content/BasicShapes/Sphere.uasset" 82
"../../../Engine/Content/BasicShapes/Sphere.uexp" 83
"../../../Engine/Content/EditorLandscapeResources/DataLayer.uasset" 84
"../../../Engine/Content/EditorLandscapeResources/DataLayer.uexp" 85
"../../../Engine/Content/EditorLandscapeResources/DefaultAlphaTexture.uasset" 86
"../../../Engine/Content/EditorLandscapeResources/DefaultAlphaTexture.uexp" 87
"../../../Engine/Content/EditorMaterials/MAT_Groups_Toggle.uasset" 88
"../../../Engine/Content/EditorMaterials/MAT_Groups_Toggle.uexp" 89
"../../../Engine/Content/EditorMaterials/MAT_Groups_Visibility.uasset" 90
"../../../Engine/Content/EditorMaterials/MAT_Groups_Visibility.uexp" 91
"../../../Engine/Content/EditorMaterials/PreviewShadowIndicator.uasset" 92
"../../../Engine/Content/EditorMaterials/PreviewShadowIndicator.uexp" 93
"../../../Engine/Content/EditorMaterials/PreviewShadowIndicator.ubulk" 94
"../../../Engine/Content/EditorMaterials/PreviewShadowIndicatorMaterial.uasset" 95
"../../../Engine/Content/EditorMaterials/PreviewShadowIndicatorMaterial.uexp" 96
"../../../Engine/Content/EditorMaterials/MatineeGroups/MAT_ColorTrack.uasset" 97
"../../../Engine/Content/EditorMaterials/MatineeGroups/MAT_ColorTrack.uexp" 98
"../../../Engine/Content/EditorMaterials/MatineeGroups/MAT_Groups_Anim.uasset" 99
"../../../Engine/Content/EditorMaterials/MatineeGroups/MAT_Groups_Anim.uexp" 100
"../../../Engine/Content/EditorMaterials/MatineeGroups/MAT_Groups_AudioMaster.uasset" 101
"../../../Engine/Content/EditorMaterials/MatineeGroups/MAT_Groups_AudioMaster.uexp" 102
"../../../Engine/Content/EditorMaterials/MatineeGroups/MAT_Groups_Director.uasset" 103
"../../../Engine/Content/EditorMaterials/MatineeGroups/MAT_Groups_Director.uexp" 104
"../../../Engine/Content/EditorMaterials/MatineeGroups/MAT_Groups_Event.uasset" 105
"../../../Engine/Content/EditorMaterials/MatineeGroups/MAT_Groups_Event.uexp" 106
"../../../Engine/Content/EditorMaterials/MatineeGroups/MAT_Groups_Fade.uasset" 107
"../../../Engine/Content/EditorMaterials/MatineeGroups/MAT_Groups_Fade.uexp" 108
"../../../Engine/Content/EditorMaterials/MatineeGroups/MAT_Groups_Float.uasset" 109
"../../../Engine/Content/EditorMaterials/MatineeGroups/MAT_Groups_Float.uexp" 110
"../../../Engine/Content/EditorMaterials/MatineeGroups/MAT_Groups_Move.uasset" 111
"../../../Engine/Content/EditorMaterials/MatineeGroups/MAT_Groups_Move.uexp" 112
"../../../Engine/Content/EditorMaterials/MatineeGroups/MAT_Groups_Slomo.uasset" 113
"../../../Engine/Content/EditorMaterials/MatineeGroups/MAT_Groups_Slomo.uexp" 114
"../../../Engine/Content/EditorMaterials/MatineeGroups/MAT_Groups_Sound.uasset" 115
"../../../Engine/Content/EditorMaterials/MatineeGroups/MAT_Groups_Sound.uexp" 116
"../../../Engine/Content/EditorMaterials/MatineeGroups/MAT_Groups_Vector.uasset" 117
"../../../Engine/Content/EditorMaterials/MatineeGroups/MAT_Groups_Vector.uexp" 118
"../../../Engine/Content/EditorMaterials/ParticleSystems/PSysThumbnail_NoImage.uasset" 119
"../../../Engine/Content/EditorMaterials/ParticleSystems/PSysThumbnail_NoImage.uexp" 120
"../../../Engine/Content/EditorMaterials/ParticleSystems/PSysThumbnail_NoImage.ubulk" 121
"../../../Engine/Content/EditorMaterials/ParticleSystems/PSysThumbnail_OOD.uasset" 122
"../../../Engine/Content/EditorMaterials/ParticleSystems/PSysThumbnail_OOD.uexp" 123
"../../../Engine/Content/EditorMaterials/ParticleSystems/PSysThumbnail_OOD.ubulk" 124
"../../../Engine/Content/EditorMaterials/Camera/CineMat.uasset" 125
"../../../Engine/Content/EditorMaterials/Camera/CineMat.uexp" 126
"../../../Engine/Content/EditorMaterials/Camera/MI_CineMat_Rig.uasset" 127
"../../../Engine/Content/EditorMaterials/Camera/MI_CineMat_Rig.uexp" 128
"../../../Engine/Content/EditorMeshes/Camera/SM_CraneRig_Arm.uasset" 129
"../../../Engine/Content/EditorMeshes/Camera/SM_CraneRig_Arm.uexp" 130
"../../../Engine/Content/EditorMeshes/Camera/SM_CraneRig_Base.uasset" 131
"../../../Engine/Content/EditorMeshes/Camera/SM_CraneRig_Base.uexp" 132
"../../../Engine/Content/EditorMeshes/Camera/SM_CraneRig_Body.uasset" 133
"../../../Engine/Content/EditorMeshes/Camera/SM_CraneRig_Body.uexp" 134
"../../../Engine/Content/EditorMeshes/Camera/SM_CraneRig_Mount.uasset" 135
"../../../Engine/Content/EditorMeshes/Camera/SM_CraneRig_Mount.uexp" 136
"../../../Engine/Content/EditorMeshes/Camera/SM_RailRig_Mount.uasset" 137
"../../../Engine/Content/EditorMeshes/Camera/SM_RailRig_Mount.uexp" 138
"../../../Engine/Content/EditorMeshes/Camera/SM_RailRig_Track.uasset" 139
"../../../Engine/Content/EditorMeshes/Camera/SM_RailRig_Track.uexp" 140
"../../../Engine/Content/EditorResources/BSPVertex.uasset" 141
"../../../Engine/Content/EditorResources/BSPVertex.uexp" 142
"../../../Engine/Content/EditorResources/EmptyActor.uasset" 143
"../../../Engine/Content/EditorResources/EmptyActor.uexp" 144
"../../../Engine/Content/EditorResources/S_Actor.uasset" 145
"../../../Engine/Content/EditorResources/S_Actor.uexp" 146
"../../../Engine/Content/EditorResources/S_Actor.ubulk" 147
"../../../Engine/Content/EditorResources/S_Solver.uasset" 148
"../../../Engine/Content/EditorResources/S_Solver.uexp" 149
"../../../Engine/Content/EditorResources/S_Solver.ubulk" 150
"../../../Engine/Content/EditorResources/S_Terrain.uasset" 151
"../../../Engine/Content/EditorResources/S_Terrain.uexp" 152
"../../../Engine/Content/EditorResources/S_Terrain.ubulk" 153
"../../../Engine/Content/EditorResources/S_Trigger.uasset" 154
"../../../Engine/Content/EditorResources/S_Trigger.uexp" 155
"../../../Engine/Content/EditorResources/S_Trigger.ubulk" 156
"../../../Engine/Content/EngineDamageTypes/DmgTypeBP_Environmental.uasset" 157
"../../../Engine/Content/EngineDamageTypes/DmgTypeBP_Environmental.uexp" 158
"../../../Engine/Content/EngineDebugMaterials/DebugEditorMaterial.uasset" 159
"../../../Engine/Content/EngineDebugMaterials/DebugEditorMaterial.uexp" 160
"../../../Engine/Content/EngineDebugMaterials/DebugMeshMaterial.uasset" 161
"../../../Engine/Content/EngineDebugMaterials/DebugMeshMaterial.uexp" 162
"../../../Engine/Content/EngineDebugMaterials/M_SimpleUnlitTranslucent.uasset" 163
"../../../Engine/Content/EngineDebugMaterials/M_SimpleUnlitTranslucent.uexp" 164
"../../../Engine/Content/EngineFonts/Faces/RobotoRegular.uasset" 165
"../../../Engine/Content/EngineFonts/Faces/RobotoRegular.uexp" 166
"../../../Engine/Content/EngineFonts/Faces/RobotoRegular.ufont" 167
"../../../Engine/Content/EngineFonts/Faces/RobotoLight.uasset" 168
"../../../Engine/Content/EngineFonts/Faces/RobotoLight.uexp" 169
"../../../Engine/Content/EngineFonts/Faces/RobotoLight.ufont" 170
"../../../Engine/Content/EngineFonts/Faces/RobotoItalic.uasset" 171
"../../../Engine/Content/EngineFonts/Faces/RobotoItalic.uexp" 172
"../../../Engine/Content/EngineFonts/Faces/RobotoItalic.ufont" 173
"../../../Engine/Content/EngineFonts/Faces/RobotoBoldItalic.uasset" 174
"../../../Engine/Content/EngineFonts/Faces/RobotoBoldItalic.uexp" 175
"../../../Engine/Content/EngineFonts/Faces/RobotoBoldItalic.ufont" 176
"../../../Engine/Content/EngineFonts/Faces/RobotoBold.uasset" 177
"../../../Engine/Content/EngineFonts/Faces/RobotoBold.uexp" 178
"../../../Engine/Content/EngineFonts/Faces/RobotoBold.ufont" 179
"../../../Engine/Content/EngineFonts/Faces/DroidSansFallback.uasset" 180
"../../../Engine/Content/EngineFonts/Faces/DroidSansFallback.uexp" 181
"../../../Engine/Content/EngineFonts/Faces/DroidSansFallback.ufont" 182
"../../../Engine/Content/EngineFonts/Roboto.uasset" 183
"../../../Engine/Content/EngineFonts/Roboto.uexp" 184
"../../../Engine/Content/EngineMaterials/BaseFlattenNormalMap.uasset" 185
"../../../Engine/Content/EngineMaterials/BaseFlattenNormalMap.uexp" 186
"../../../Engine/Content/EngineMaterials/BaseFlattenGrayscaleMap.uasset" 187
"../../../Engine/Content/EngineMaterials/BaseFlattenGrayscaleMap.uexp" 188
"../../../Engine/Content/EngineMaterials/BaseFlattenEmissiveMap.uasset" 189
"../../../Engine/Content/EngineMaterials/BaseFlattenEmissiveMap.uexp" 190
"../../../Engine/Content/EngineMaterials/BaseFlattenDiffuseMap.uasset" 191
"../../../Engine/Content/EngineMaterials/BaseFlattenDiffuseMap.uexp" 192
"../../../Engine/Content/EngineMaterials/BaseFlattenMaterial.uasset" 193
"../../../Engine/Content/EngineMaterials/BaseFlattenMaterial.uexp" 194
"../../../Engine/Content/EngineMaterials/BlueNoise.uasset" 195
"../../../Engine/Content/EngineMaterials/BlueNoise.uexp" 196
"../../../Engine/Content/EngineMaterials/DefaultBloomKernel.uasset" 197
"../../../Engine/Content/EngineMaterials/DefaultBloomKernel.uexp" 198
"../../../Engine/Content/EngineMaterials/DefaultBokeh.uasset" 199
"../../../Engine/Content/EngineMaterials/DefaultBokeh.uexp" 200
"../../../Engine/Content/EngineMaterials/DefaultDeferredDecalMaterial.uasset" 201
"../../../Engine/Content/EngineMaterials/DefaultDeferredDecalMaterial.uexp" 202
"../../../Engine/Content/EngineMaterials/DefaultLightFunctionMaterial.uasset" 203
"../../../Engine/Content/EngineMaterials/DefaultLightFunctionMaterial.uexp" 204
"../../../Engine/Content/EngineMaterials/DefaultPhysicalMaterial.uasset" 205
"../../../Engine/Content/EngineMaterials/DefaultPhysicalMaterial.uexp" 206
"../../../Engine/Content/Functions/Engine_MaterialFunctions02/Utility/BreakOutFloat2Components.uasset" 207
"../../../Engine/Content/Functions/Engine_MaterialFunctions02/Utility/BreakOutFloat2Components.uexp" 208
"../../../Engine/Content/EngineMaterials/DefaultPostProcessMaterial.uasset" 209
"../../../Engine/Content/EngineMaterials/DefaultPostProcessMaterial.uexp" 210
"../../../Engine/Content/EngineMaterials/DefaultTextMaterialOpaque.uasset" 211
"../../../Engine/Content/EngineMaterials/DefaultTextMaterialOpaque.uexp" 212
"../../../Engine/Content/EngineMaterials/DefaultWhiteGrid.uasset" 213
"../../../Engine/Content/EngineMaterials/DefaultWhiteGrid.uexp" 214
"../../../Engine/Content/EngineMaterials/DefaultWhiteGrid.ubulk" 215
"../../../Engine/Content/EngineMaterials/DefaultWhiteGrid_Low.uasset" 216
"../../../Engine/Content/EngineMaterials/DefaultWhiteGrid_Low.uexp" 217
"../../../Engine/Content/EngineMaterials/EmissiveMeshMaterial.uasset" 218
"../../../Engine/Content/EngineMaterials/EmissiveMeshMaterial.uexp" 219
"../../../Engine/Content/EngineMaterials/GizmoMaterial.uasset" 220
"../../../Engine/Content/EngineMaterials/GizmoMaterial.uexp" 221
"../../../Engine/Content/EngineMaterials/Good64x64TilingNoiseHighFreq.uasset" 222
"../../../Engine/Content/EngineMaterials/Good64x64TilingNoiseHighFreq.uexp" 223
"../../../Engine/Content/EngineMaterials/MiniFont.uasset" 224
"../../../Engine/Content/EngineMaterials/MiniFont.uexp" 225
"../../../Engine/Content/EngineMaterials/InvalidLightmapSettings.uasset" 226
"../../../Engine/Content/EngineMaterials/InvalidLightmapSettings.uexp" 227
"../../../Engine/Content/EngineMaterials/InvalidLightmapSettings.ubulk" 228
"../../../Engine/Content/EngineMaterials/M_InvalidLightmapSettings.uasset" 229
"../../../Engine/Content/EngineMaterials/M_InvalidLightmapSettings.uexp" 230
"../../../Engine/Content/Functions/Engine_MaterialFunctions02/WorldPositionOffset/CameraOffset.uasset" 231
"../../../Engine/Content/Functions/Engine_MaterialFunctions02/WorldPositionOffset/CameraOffset.uexp" 232
"../../../Engine/Content/EngineMaterials/PhAT_JointLimitMaterial.uasset" 233
"../../../Engine/Content/EngineMaterials/PhAT_JointLimitMaterial.uexp" 234
"../../../Engine/Content/EngineMaterials/DefaultCalibrationColor.uasset" 235
"../../../Engine/Content/EngineMaterials/DefaultCalibrationColor.uexp" 236
"../../../Engine/Content/EngineMaterials/PPM_DefaultCalibrationColor.uasset" 237
"../../../Engine/Content/EngineMaterials/PPM_DefaultCalibrationColor.uexp" 238
"../../../Engine/Content/EngineMaterials/DefaultCalibrationGrayscale.uasset" 239
"../../../Engine/Content/EngineMaterials/DefaultCalibrationGrayscale.uexp" 240
"../../../Engine/Content/EngineMaterials/PPM_DefaultCalibrationGrayscale.uasset" 241
"../../../Engine/Content/EngineMaterials/PPM_DefaultCalibrationGrayscale.uexp" 242
"../../../Engine/Content/EngineMaterials/PreintegratedSkinBRDF.uasset" 243
"../../../Engine/Content/EngineMaterials/PreintegratedSkinBRDF.uexp" 244
"../../../Engine/Content/EngineMaterials/RemoveSurfaceMaterial.uasset" 245
"../../../Engine/Content/EngineMaterials/RemoveSurfaceMaterial.uexp" 246
"../../../Engine/Content/EngineMaterials/WeightMapPlaceholderTexture.uasset" 247
"../../../Engine/Content/EngineMaterials/WeightMapPlaceholderTexture.uexp" 248
"../../../Engine/Content/EngineResources/WhiteSquareTexture.uasset" 249
"../../../Engine/Content/EngineResources/WhiteSquareTexture.uexp" 250
"../../../Engine/Content/EngineMaterials/Widget3DPassThrough.uasset" 251
"../../../Engine/Content/EngineMaterials/Widget3DPassThrough.uexp" 252
"../../../Engine/Content/EngineMaterials/Widget3DPassThrough_Masked.uasset" 253
"../../../Engine/Content/EngineMaterials/Widget3DPassThrough_Masked.uexp" 254
"../../../Engine/Content/EngineMaterials/Widget3DPassThrough_Opaque.uasset" 255
"../../../Engine/Content/EngineMaterials/Widget3DPassThrough_Opaque.uexp" 256
"../../../Engine/Content/EngineMaterials/Widget3DPassThrough_Masked_OneSided.uasset" 257
"../../../Engine/Content/EngineMaterials/Widget3DPassThrough_Masked_OneSided.uexp" 258
"../../../Engine/Content/EngineMaterials/Widget3DPassThrough_Opaque_OneSided.uasset" 259
"../../../Engine/Content/EngineMaterials/Widget3DPassThrough_Opaque_OneSided.uexp" 260
"../../../Engine/Content/EngineMaterials/Widget3DPassThrough_Translucent.uasset" 261
"../../../Engine/Content/EngineMaterials/Widget3DPassThrough_Translucent.uexp" 262
"../../../Engine/Content/EngineMaterials/Widget3DPassThrough_Translucent_OneSided.uasset" 263
"../../../Engine/Content/EngineMaterials/Widget3DPassThrough_Translucent_OneSided.uexp" 264
"../../../Engine/Content/EngineResources/Black.uasset" 265
"../../../Engine/Content/EngineResources/Black.uexp" 266
"../../../Engine/Content/EngineResources/DefaultTexture.uasset" 267
"../../../Engine/Content/EngineResources/DefaultTexture.uexp" 268
"../../../Engine/Content/EngineResources/DefaultTexture.ubulk" 269
"../../../Engine/Content/EngineResources/DefaultTextureCube.uasset" 270
"../../../Engine/Content/EngineResources/DefaultTextureCube.uexp" 271
"../../../Engine/Content/EngineResources/DefaultVolumeTexture2D.uasset" 272
"../../../Engine/Content/EngineResources/DefaultVolumeTexture2D.uexp" 273
"../../../Engine/Content/EngineResources/DefaultVolumeTexture.uasset" 274
"../../../Engine/Content/EngineResources/DefaultVolumeTexture.uexp" 275
"../../../Engine/Content/EngineResources/GradientTexture0.uasset" 276
"../../../Engine/Content/EngineResources/GradientTexture0.uexp" 277
"../../../Engine/Content/EngineSky/VolumetricClouds/T_NoiseShape64.uasset" 278
"../../../Engine/Content/EngineSky/VolumetricClouds/T_NoiseShape64.uexp" 279
"../../../Engine/Content/EngineSky/VolumetricClouds/T_NoiseShape64.ubulk" 280
"../../../Engine/Content/EngineSky/VolumetricClouds/T_VolumeNoiseShape64.uasset" 281
"../../../Engine/Content/EngineSky/VolumetricClouds/T_VolumeNoiseShape64.uexp" 282
"../../../Engine/Content/EngineSky/VolumetricClouds/T_NoiseErosion.uasset" 283
"../../../Engine/Content/EngineSky/VolumetricClouds/T_NoiseErosion.uexp" 284
"../../../Engine/Content/EngineSky/VolumetricClouds/T_NoiseErosion.ubulk" 285
"../../../Engine/Content/EngineSky/VolumetricClouds/T_VolumeNoiseErosion32.uasset" 286
"../../../Engine/Content/EngineSky/VolumetricClouds/T_VolumeNoiseErosion32.uexp" 287
"../../../Engine/Content/EngineSky/VolumetricClouds/CloudWeatherTexture.uasset" 288
"../../../Engine/Content/EngineSky/VolumetricClouds/CloudWeatherTexture.uexp" 289
"../../../Engine/Content/EngineSky/VolumetricClouds/CloudGradientTexture.uasset" 290
"../../../Engine/Content/EngineSky/VolumetricClouds/CloudGradientTexture.uexp" 291
"../../../Engine/Content/Functions/Engine_MaterialFunctions02/Utility/MakeFloat2.uasset" 292
"../../../Engine/Content/Functions/Engine_MaterialFunctions02/Utility/MakeFloat2.uexp" 293
"../../../Engine/Content/EngineSky/VolumetricClouds/m_SimpleVolumetricCloud.uasset" 294
"../../../Engine/Content/EngineSky/VolumetricClouds/m_SimpleVolumetricCloud.uexp" 295
"../../../Engine/Content/EngineSky/VolumetricClouds/m_SimpleVolumetricCloud_Inst.uasset" 296
"../../../Engine/Content/EngineSky/VolumetricClouds/m_SimpleVolumetricCloud_Inst.uexp" 297
"../../../Engine/Content/EngineSounds/Master.uasset" 298
"../../../Engine/Content/EngineSounds/Master.uexp" 299
"../../../Engine/Content/Functions/Engine_MaterialFunctions01/Shading/ConvertFromDiffSpec.uasset" 300
"../../../Engine/Content/Functions/Engine_MaterialFunctions01/Shading/ConvertFromDiffSpec.uexp" 301
"../../../Engine/Content/Functions/Engine_MaterialFunctions01/Shading/PowerToRoughness.uasset" 302
"../../../Engine/Content/Functions/Engine_MaterialFunctions01/Shading/PowerToRoughness.uexp" 303
"../../../Engine/Content/Maps/Templates/Thumbnails/Default.uasset" 304
"../../../Engine/Content/Maps/Templates/Thumbnails/Default.uexp" 305
"../../../Engine/Content/Maps/Templates/Thumbnails/TimeOfDay.uasset" 306
"../../../Engine/Content/Maps/Templates/Thumbnails/TimeOfDay.uexp" 307
"../../../Engine/Content/Maps/Templates/Thumbnails/VR-Basic.uasset" 308
"../../../Engine/Content/Maps/Templates/Thumbnails/VR-Basic.uexp" 309
"../../../Engine/Content/MobileResources/T_MobileControls_texture.uasset" 310
"../../../Engine/Content/MobileResources/T_MobileControls_texture.uexp" 311
"../../../Engine/Content/MobileResources/T_MobileMenu2.uasset" 312
"../../../Engine/Content/MobileResources/T_MobileMenu2.uexp" 313
"../../../Engine/Content/MobileResources/HUD/AnalogHat.uasset" 314
"../../../Engine/Content/MobileResources/HUD/AnalogHat.uexp" 315
"../../../Engine/Content/MobileResources/HUD/VirtualJoystick_Thumb.uasset" 316
"../../../Engine/Content/MobileResources/HUD/VirtualJoystick_Thumb.uexp" 317
"../../../Engine/Content/MobileResources/HUD/VirtualJoystick_Background.uasset" 318
"../../../Engine/Content/MobileResources/HUD/VirtualJoystick_Background.uexp" 319
"../../../Engine/Content/MobileResources/HUD/DefaultVirtualJoysticks.uasset" 320
"../../../Engine/Content/MobileResources/HUD/DefaultVirtualJoysticks.uexp" 321
"../../../Engine/Content/MobileResources/HUD/LeftVirtualJoystickOnly.uasset" 322
"../../../Engine/Content/MobileResources/HUD/LeftVirtualJoystickOnly.uexp" 323
"../../../Engine/Content/MobileResources/HUD/MobileHUDButton1_off.uasset" 324
"../../../Engine/Content/MobileResources/HUD/MobileHUDButton1_off.uexp" 325
"../../../Engine/Content/MobileResources/HUD/MobileHUDButton1_on.uasset" 326
"../../../Engine/Content/MobileResources/HUD/MobileHUDButton1_on.uexp" 327
"../../../Engine/Content/MobileResources/HUD/MobileHUDButton2_off.uasset" 328
"../../../Engine/Content/MobileResources/HUD/MobileHUDButton2_off.uexp" 329
"../../../Engine/Content/MobileResources/HUD/MobileHUDButton2_on.uasset" 330
"../../../Engine/Content/MobileResources/HUD/MobileHUDButton2_on.uexp" 331
"../../../Engine/Content/MobileResources/HUD/MobileHUDButton3.uasset" 332
"../../../Engine/Content/MobileResources/HUD/MobileHUDButton3.uexp" 333
"../../../Engine/Content/MobileResources/HUD/MobileHUDButtonFire.uasset" 334
"../../../Engine/Content/MobileResources/HUD/MobileHUDButtonFire.uexp" 335
"../../../Engine/Content/MobileResources/HUD/MobileHUDDirectionPad.uasset" 336
"../../../Engine/Content/MobileResources/HUD/MobileHUDDirectionPad.uexp" 337
"../../../Engine/Content/MobileResources/HUD/MobileHUDDirectionPad2.uasset" 338
"../../../Engine/Content/MobileResources/HUD/MobileHUDDirectionPad2.uexp" 339
"../../../Engine/Content/MobileResources/HUD/MobileHUDDirectionPad3.uasset" 340
"../../../Engine/Content/MobileResources/HUD/MobileHUDDirectionPad3.uexp" 341
"../../../Engine/Content/MobileResources/HUD/MobileHUDDirectionStick.uasset" 342
"../../../Engine/Content/MobileResources/HUD/MobileHUDDirectionStick.uexp" 343
"../../../Engine/Content/MobileResources/HUD/T_Castle_ThumbstickInner.uasset" 344
"../../../Engine/Content/MobileResources/HUD/T_Castle_ThumbstickInner.uexp" 345
"../../../Engine/Content/MobileResources/HUD/T_Castle_ThumbstickOutter.uasset" 346
"../../../Engine/Content/MobileResources/HUD/T_Castle_ThumbstickOutter.uexp" 347
"../../../Engine/Content/Tutorial/ContentIntroCurve.uasset" 348
"../../../Engine/Content/Tutorial/ContentIntroCurve.uexp" 349
"../../../Engine/Content/VREditor/TransformGizmo/TranslucentTransformGizmoMaterial.uasset" 350
"../../../Engine/Content/VREditor/TransformGizmo/TranslucentTransformGizmoMaterial.uexp" 351
"../../../Engine/Content/VREditor/LaserPointer/VR_LaserPower_01.uasset" 352
"../../../Engine/Content/VREditor/LaserPointer/VR_LaserPower_01.uexp" 353
"../../../Engine/Content/VREditor/LaserPointer/VR_LaserPower_01.ubulk" 354
"../../../Engine/Content/VREditor/TransformGizmo/TransformGizmoMaterial.uasset" 355
"../../../Engine/Content/VREditor/TransformGizmo/TransformGizmoMaterial.uexp" 356
"../../../Engine/Content/VREditor/TransformGizmo/BoundingBoxCorner.uasset" 357
"../../../Engine/Content/VREditor/TransformGizmo/BoundingBoxCorner.uexp" 358
"../../../Engine/Content/VREditor/TransformGizmo/BoundingBoxEdge.uasset" 359
"../../../Engine/Content/VREditor/TransformGizmo/BoundingBoxEdge.uexp" 360
"../../../Engine/Content/VREditor/TransformGizmo/PlaneTranslationHandle.uasset" 361
"../../../Engine/Content/VREditor/TransformGizmo/PlaneTranslationHandle.uexp" 362
"../../../Engine/Content/VREditor/TransformGizmo/Xray.uasset" 363
"../../../Engine/Content/VREditor/TransformGizmo/Xray.uexp" 364
"../../../Engine/Content/VREditor/TransformGizmo/Main.uasset" 365
"../../../Engine/Content/VREditor/TransformGizmo/Main.uexp" 366
"../../../Engine/Content/VREditor/TransformGizmo/SM_Sequencer_Key.uasset" 367
"../../../Engine/Content/VREditor/TransformGizmo/SM_Sequencer_Key.uexp" 368
"../../../Engine/Content/VREditor/TransformGizmo/SM_Sequencer_Node.uasset" 369
"../../../Engine/Content/VREditor/TransformGizmo/SM_Sequencer_Node.uexp" 370
"D:/Projects/LibreFPV/Content/Box_Brush_StaticMesh.uasset" 371
"D:/Projects/LibreFPV/Content/Box_Brush_StaticMesh.uexp" 372
"../../../Engine/Content/EngineResources/GrayLightTextureCube.uasset" 373
"../../../Engine/Content/EngineResources/GrayLightTextureCube.uexp" 374
"D:/Projects/LibreFPV/Content/Skylight2.uasset" 375
"D:/Projects/LibreFPV/Content/Skylight2.uexp" 376
"D:/Projects/LibreFPV/Content/NewWorld.uexp" 377
"D:/Projects/LibreFPV/Content/NewWorld.umap" 378
"D:/Projects/LibreFPV/Content/NewWorld1.uexp" 379
"D:/Projects/LibreFPV/Content/NewWorld1.umap" 380
